[0m04:16:31.582652 [debug] [MainThread]: Sending event: {'category': 'dbt', 'action': 'invocation', 'label': 'start', 'context': [<snowplow_tracker.self_describing_json.SelfDescribingJson object at 0x799549799250>, <snowplow_tracker.self_describing_json.SelfDescribingJson object at 0x79954a025c10>, <snowplow_tracker.self_describing_json.SelfDescribingJson object at 0x79954b462ab0>]}


============================== 04:16:31.677677 | 0d7b933b-ee73-43fc-95ac-6cc872be2ff1 ==============================
[0m04:16:31.677677 [info ] [MainThread]: Running with dbt=1.10.16
[0m04:16:31.678844 [debug] [MainThread]: running dbt with arguments {'static_parser': 'True', 'indirect_selection': 'eager', 'send_anonymous_usage_stats': 'True', 'warn_error_options': 'WarnErrorOptionsV2(error=[], warn=[], silence=[])', 'printer_width': '80', 'cache_selected_only': 'False', 'quiet': 'False', 'debug': 'False', 'use_experimental_parser': 'False', 'introspect': 'True', 'write_json': 'True', 'warn_error': 'None', 'invocation_command': 'dbt init', 'target_path': 'None', 'partial_parse': 'True', 'use_colors': 'True', 'fail_fast': 'False', 'version_check': 'True', 'empty': 'None', 'log_path': 'logs', 'log_format': 'default', 'no_print': 'None', 'log_cache_events': 'False', 'profiles_dir': '/home/deadpool/.dbt'}
[0m04:17:48.383395 [debug] [MainThread]: Starter project path: /home/deadpool/Documents/dataBricks_DBT_Course/.venv/lib/python3.12/site-packages/dbt/include/starter_project
[0m04:17:48.393392 [info ] [MainThread]: 
Your new dbt project "nithin_dbt_proj" was created!

For more information on how to configure the profiles.yml file,
please consult the dbt documentation here:

  https://docs.getdbt.com/docs/configure-your-profile

One more thing:

Need help? Don't hesitate to reach out to us via GitHub issues or on Slack:

  https://community.getdbt.com/

Happy modeling!

[0m04:17:48.395009 [info ] [MainThread]: Setting up your profile.
[0m04:18:38.237255 [debug] [MainThread]: Spark adapter: Setting pyhive.hive logging to ERROR
[0m04:18:38.238253 [debug] [MainThread]: Spark adapter: Setting thrift.transport logging to ERROR
[0m04:18:38.239082 [debug] [MainThread]: Spark adapter: Setting thrift.protocol logging to ERROR
[0m04:24:03.477646 [info ] [MainThread]: Profile nithin_dbt_proj written to /home/deadpool/.dbt/profiles.yml using target's profile_template.yml and your supplied values. Run 'dbt debug' to validate the connection.
[0m04:24:03.485643 [debug] [MainThread]: Resource report: {"command_name": "init", "command_success": true, "command_wall_clock_time": 452.0212, "process_in_blocks": "247824", "process_kernel_time": 1.113814, "process_mem_max_rss": "293800", "process_out_blocks": "42584", "process_user_time": 10.343138}
[0m04:24:03.487786 [debug] [MainThread]: Command `dbt init` succeeded at 04:24:03.487430 after 452.02 seconds
[0m04:24:03.489355 [debug] [MainThread]: Sending event: {'category': 'dbt', 'action': 'invocation', 'label': 'end', 'context': [<snowplow_tracker.self_describing_json.SelfDescribingJson object at 0x79954db3fb00>, <snowplow_tracker.self_describing_json.SelfDescribingJson object at 0x79952687ab40>, <snowplow_tracker.self_describing_json.SelfDescribingJson object at 0x7995494120c0>]}
[0m04:24:03.490701 [debug] [MainThread]: Flushing usage events
[0m04:24:04.970000 [debug] [MainThread]: An error was encountered while trying to flush usage events
[0m04:24:20.832868 [debug] [MainThread]: Sending event: {'category': 'dbt', 'action': 'invocation', 'label': 'start', 'context': [<snowplow_tracker.self_describing_json.SelfDescribingJson object at 0x7ece1d2f89e0>, <snowplow_tracker.self_describing_json.SelfDescribingJson object at 0x7ece1b8f16d0>, <snowplow_tracker.self_describing_json.SelfDescribingJson object at 0x7ece1b3df470>]}


============================== 04:24:20.841780 | 17737dd9-aab8-4dec-9b46-de134be94165 ==============================
[0m04:24:20.841780 [info ] [MainThread]: Running with dbt=1.10.16
[0m04:24:20.843043 [debug] [MainThread]: running dbt with arguments {'profiles_dir': '/home/deadpool/.dbt', 'warn_error_options': 'WarnErrorOptionsV2(error=[], warn=[], silence=[])', 'write_json': 'True', 'static_parser': 'True', 'send_anonymous_usage_stats': 'True', 'debug': 'False', 'indirect_selection': 'eager', 'quiet': 'False', 'use_experimental_parser': 'False', 'version_check': 'True', 'no_print': 'None', 'log_cache_events': 'False', 'partial_parse': 'True', 'warn_error': 'None', 'empty': 'None', 'log_path': 'logs', 'target_path': 'None', 'invocation_command': 'dbt debug', 'introspect': 'True', 'use_colors': 'True', 'printer_width': '80', 'fail_fast': 'False', 'log_format': 'default', 'cache_selected_only': 'False'}
[0m04:24:20.885295 [info ] [MainThread]: dbt version: 1.10.16
[0m04:24:20.886304 [info ] [MainThread]: python version: 3.12.3
[0m04:24:20.887078 [info ] [MainThread]: python path: /home/deadpool/Documents/dataBricks_DBT_Course/.venv/bin/python3
[0m04:24:20.887815 [info ] [MainThread]: os info: Linux-6.14.0-37-generic-x86_64-with-glibc2.39
[0m04:24:20.899941 [info ] [MainThread]: Error importing adapter: No module named 'dbt.adapters.snowflake'
[0m04:24:20.907968 [info ] [MainThread]: Error importing adapter: No module named 'dbt.adapters.snowflake'
[0m04:24:20.913461 [info ] [MainThread]: Error importing adapter: No module named 'dbt.adapters.snowflake'
[0m04:24:22.667655 [debug] [MainThread]: Spark adapter: Setting pyhive.hive logging to ERROR
[0m04:24:22.668663 [debug] [MainThread]: Spark adapter: Setting thrift.transport logging to ERROR
[0m04:24:22.669496 [debug] [MainThread]: Spark adapter: Setting thrift.protocol logging to ERROR
[0m04:24:23.902025 [info ] [MainThread]: Using profiles dir at /home/deadpool/.dbt
[0m04:24:23.902958 [info ] [MainThread]: Using profiles.yml file at /home/deadpool/.dbt/profiles.yml
[0m04:24:23.903807 [info ] [MainThread]: Using dbt_project.yml file at /home/deadpool/Documents/dataBricks_DBT_Course/dbt_project.yml
[0m04:24:23.904655 [info ] [MainThread]: Configuration:
[0m04:24:23.905432 [info ] [MainThread]:   profiles.yml file [[31mERROR invalid[0m]
[0m04:24:23.906190 [info ] [MainThread]:   dbt_project.yml file [[31mERROR not found[0m]
[0m04:24:23.906977 [info ] [MainThread]: Required dependencies:
[0m04:24:23.907984 [debug] [MainThread]: Executing "git --help"
[0m04:24:23.916746 [debug] [MainThread]: STDOUT: "b"usage: git [-v | --version] [-h | --help] [-C <path>] [-c <name>=<value>]\n           [--exec-path[=<path>]] [--html-path] [--man-path] [--info-path]\n           [-p | --paginate | -P | --no-pager] [--no-replace-objects] [--no-lazy-fetch]\n           [--no-optional-locks] [--no-advice] [--bare] [--git-dir=<path>]\n           [--work-tree=<path>] [--namespace=<name>] [--config-env=<name>=<envvar>]\n           <command> [<args>]\n\nThese are common Git commands used in various situations:\n\nstart a working area (see also: git help tutorial)\n   clone      Clone a repository into a new directory\n   init       Create an empty Git repository or reinitialize an existing one\n\nwork on the current change (see also: git help everyday)\n   add        Add file contents to the index\n   mv         Move or rename a file, a directory, or a symlink\n   restore    Restore working tree files\n   rm         Remove files from the working tree and from the index\n\nexamine the history and state (see also: git help revisions)\n   bisect     Use binary search to find the commit that introduced a bug\n   diff       Show changes between commits, commit and working tree, etc\n   grep       Print lines matching a pattern\n   log        Show commit logs\n   show       Show various types of objects\n   status     Show the working tree status\n\ngrow, mark and tweak your common history\n   backfill   Download missing objects in a partial clone\n   branch     List, create, or delete branches\n   commit     Record changes to the repository\n   merge      Join two or more development histories together\n   rebase     Reapply commits on top of another base tip\n   reset      Reset current HEAD to the specified state\n   switch     Switch branches\n   tag        Create, list, delete or verify tags\n\ncollaborate (see also: git help workflows)\n   fetch      Download objects and refs from another repository\n   pull       Fetch from and integrate with another repository or a local branch\n   push       Update remote refs along with associated objects\n\n'git help -a' and 'git help -g' list available subcommands and some\nconcept guides. See 'git help <command>' or 'git help <concept>'\nto read about a specific subcommand or concept.\nSee 'git help git' for an overview of the system.\n""
[0m04:24:23.918245 [debug] [MainThread]: STDERR: "b''"
[0m04:24:23.919864 [info ] [MainThread]:  - git [[32mOK found[0m]

[0m04:24:23.920928 [info ] [MainThread]: Connection test skipped since no profile was found
[0m04:24:23.922041 [info ] [MainThread]: [31m2 checks failed:[0m
[0m04:24:23.923017 [info ] [MainThread]: Could not load dbt_project.yml
Profile loading failed for the following reason:
Runtime Error
  Credentials in profile "dbt_stocks", target "dev" invalid: Runtime Error
    Could not find adapter type snowflake!

Runtime Error
  Credentials in profile "my_dbt_project", target "dev" invalid: Runtime Error
    Could not find adapter type snowflake!

Runtime Error
  Credentials in profile "netflix", target "dev" invalid: Runtime Error
    Could not find adapter type snowflake!


[0m04:24:23.924196 [info ] [MainThread]: Project loading failed for the following reason:
 project path </home/deadpool/Documents/dataBricks_DBT_Course/dbt_project.yml> not found

[0m04:24:23.926955 [debug] [MainThread]: Resource report: {"command_name": "debug", "command_success": false, "command_wall_clock_time": 3.2189143, "process_in_blocks": "78192", "process_kernel_time": 0.711852, "process_mem_max_rss": "226900", "process_out_blocks": "72", "process_user_time": 6.301547}
[0m04:24:23.928697 [debug] [MainThread]: Command `dbt debug` failed at 04:24:23.928410 after 3.22 seconds
[0m04:24:23.929750 [debug] [MainThread]: Sending event: {'category': 'dbt', 'action': 'invocation', 'label': 'end', 'context': [<snowplow_tracker.self_describing_json.SelfDescribingJson object at 0x7ece1b89f080>, <snowplow_tracker.self_describing_json.SelfDescribingJson object at 0x7ecdf3a9a030>, <snowplow_tracker.self_describing_json.SelfDescribingJson object at 0x7ecdf3b71220>]}
[0m04:24:23.931098 [debug] [MainThread]: Flushing usage events
[0m04:24:25.186343 [debug] [MainThread]: An error was encountered while trying to flush usage events
[0m04:26:34.115879 [debug] [MainThread]: Sending event: {'category': 'dbt', 'action': 'invocation', 'label': 'start', 'context': [<snowplow_tracker.self_describing_json.SelfDescribingJson object at 0x7a6c2fde2600>, <snowplow_tracker.self_describing_json.SelfDescribingJson object at 0x7a6c2f5c8200>, <snowplow_tracker.self_describing_json.SelfDescribingJson object at 0x7a6c2d442990>]}


============================== 04:26:34.122294 | e6babc44-a0d8-4ce8-b696-e9544a5fadcd ==============================
[0m04:26:34.122294 [info ] [MainThread]: Running with dbt=1.10.16
[0m04:26:34.124146 [debug] [MainThread]: running dbt with arguments {'log_path': 'logs', 'use_colors': 'True', 'warn_error': 'None', 'static_parser': 'True', 'introspect': 'True', 'profiles_dir': '/home/deadpool/.dbt', 'write_json': 'True', 'use_experimental_parser': 'False', 'warn_error_options': 'WarnErrorOptionsV2(error=[], warn=[], silence=[])', 'empty': 'None', 'debug': 'False', 'log_format': 'default', 'send_anonymous_usage_stats': 'True', 'fail_fast': 'False', 'target_path': 'None', 'quiet': 'False', 'log_cache_events': 'False', 'cache_selected_only': 'False', 'no_print': 'None', 'indirect_selection': 'eager', 'partial_parse': 'True', 'printer_width': '80', 'version_check': 'True', 'invocation_command': 'dbt debug'}
[0m04:26:34.143373 [info ] [MainThread]: dbt version: 1.10.16
[0m04:26:34.144364 [info ] [MainThread]: python version: 3.12.3
[0m04:26:34.145371 [info ] [MainThread]: python path: /home/deadpool/Documents/dataBricks_DBT_Course/.venv/bin/python3
[0m04:26:34.146528 [info ] [MainThread]: os info: Linux-6.14.0-37-generic-x86_64-with-glibc2.39
[0m04:26:34.160583 [info ] [MainThread]: Error importing adapter: No module named 'dbt.adapters.snowflake'
[0m04:26:34.168826 [info ] [MainThread]: Error importing adapter: No module named 'dbt.adapters.snowflake'
[0m04:26:34.173780 [info ] [MainThread]: Error importing adapter: No module named 'dbt.adapters.snowflake'
[0m04:26:35.787632 [debug] [MainThread]: Spark adapter: Setting pyhive.hive logging to ERROR
[0m04:26:35.788621 [debug] [MainThread]: Spark adapter: Setting thrift.transport logging to ERROR
[0m04:26:35.789581 [debug] [MainThread]: Spark adapter: Setting thrift.protocol logging to ERROR
[0m04:26:36.919628 [info ] [MainThread]: Using profiles dir at /home/deadpool/.dbt
[0m04:26:36.920737 [info ] [MainThread]: Using profiles.yml file at /home/deadpool/.dbt/profiles.yml
[0m04:26:36.921714 [info ] [MainThread]: Using dbt_project.yml file at /home/deadpool/Documents/dataBricks_DBT_Course/dbt_project.yml
[0m04:26:36.922631 [info ] [MainThread]: Configuration:
[0m04:26:36.923619 [info ] [MainThread]:   profiles.yml file [[31mERROR invalid[0m]
[0m04:26:36.924609 [info ] [MainThread]:   dbt_project.yml file [[31mERROR not found[0m]
[0m04:26:36.925507 [info ] [MainThread]: Required dependencies:
[0m04:26:36.926530 [debug] [MainThread]: Executing "git --help"
[0m04:26:36.930984 [debug] [MainThread]: STDOUT: "b"usage: git [-v | --version] [-h | --help] [-C <path>] [-c <name>=<value>]\n           [--exec-path[=<path>]] [--html-path] [--man-path] [--info-path]\n           [-p | --paginate | -P | --no-pager] [--no-replace-objects] [--no-lazy-fetch]\n           [--no-optional-locks] [--no-advice] [--bare] [--git-dir=<path>]\n           [--work-tree=<path>] [--namespace=<name>] [--config-env=<name>=<envvar>]\n           <command> [<args>]\n\nThese are common Git commands used in various situations:\n\nstart a working area (see also: git help tutorial)\n   clone      Clone a repository into a new directory\n   init       Create an empty Git repository or reinitialize an existing one\n\nwork on the current change (see also: git help everyday)\n   add        Add file contents to the index\n   mv         Move or rename a file, a directory, or a symlink\n   restore    Restore working tree files\n   rm         Remove files from the working tree and from the index\n\nexamine the history and state (see also: git help revisions)\n   bisect     Use binary search to find the commit that introduced a bug\n   diff       Show changes between commits, commit and working tree, etc\n   grep       Print lines matching a pattern\n   log        Show commit logs\n   show       Show various types of objects\n   status     Show the working tree status\n\ngrow, mark and tweak your common history\n   backfill   Download missing objects in a partial clone\n   branch     List, create, or delete branches\n   commit     Record changes to the repository\n   merge      Join two or more development histories together\n   rebase     Reapply commits on top of another base tip\n   reset      Reset current HEAD to the specified state\n   switch     Switch branches\n   tag        Create, list, delete or verify tags\n\ncollaborate (see also: git help workflows)\n   fetch      Download objects and refs from another repository\n   pull       Fetch from and integrate with another repository or a local branch\n   push       Update remote refs along with associated objects\n\n'git help -a' and 'git help -g' list available subcommands and some\nconcept guides. See 'git help <command>' or 'git help <concept>'\nto read about a specific subcommand or concept.\nSee 'git help git' for an overview of the system.\n""
[0m04:26:36.932123 [debug] [MainThread]: STDERR: "b''"
[0m04:26:36.933023 [info ] [MainThread]:  - git [[32mOK found[0m]

[0m04:26:36.933915 [info ] [MainThread]: Connection test skipped since no profile was found
[0m04:26:36.934862 [info ] [MainThread]: [31m2 checks failed:[0m
[0m04:26:36.935704 [info ] [MainThread]: Could not load dbt_project.yml
Profile loading failed for the following reason:
Runtime Error
  Credentials in profile "dbt_stocks", target "dev" invalid: Runtime Error
    Could not find adapter type snowflake!

Runtime Error
  Credentials in profile "my_dbt_project", target "dev" invalid: Runtime Error
    Could not find adapter type snowflake!

Runtime Error
  Credentials in profile "netflix", target "dev" invalid: Runtime Error
    Could not find adapter type snowflake!


[0m04:26:36.936598 [info ] [MainThread]: Project loading failed for the following reason:
 project path </home/deadpool/Documents/dataBricks_DBT_Course/dbt_project.yml> not found

[0m04:26:36.939208 [debug] [MainThread]: Resource report: {"command_name": "debug", "command_success": false, "command_wall_clock_time": 2.9352353, "process_in_blocks": "0", "process_kernel_time": 0.540755, "process_mem_max_rss": "226920", "process_out_blocks": "24", "process_user_time": 6.203717}
[0m04:26:36.941562 [debug] [MainThread]: Command `dbt debug` failed at 04:26:36.941134 after 2.94 seconds
[0m04:26:36.942837 [debug] [MainThread]: Sending event: {'category': 'dbt', 'action': 'invocation', 'label': 'end', 'context': [<snowplow_tracker.self_describing_json.SelfDescribingJson object at 0x7a6c0bf97230>, <snowplow_tracker.self_describing_json.SelfDescribingJson object at 0x7a6c0a95faa0>, <snowplow_tracker.self_describing_json.SelfDescribingJson object at 0x7a6c0a03a300>]}
[0m04:26:36.944537 [debug] [MainThread]: Flushing usage events
[0m04:26:38.333479 [debug] [MainThread]: An error was encountered while trying to flush usage events
[0m04:28:59.735812 [debug] [MainThread]: Sending event: {'category': 'dbt', 'action': 'invocation', 'label': 'start', 'context': [<snowplow_tracker.self_describing_json.SelfDescribingJson object at 0x7c2976986c30>, <snowplow_tracker.self_describing_json.SelfDescribingJson object at 0x7c29770642c0>, <snowplow_tracker.self_describing_json.SelfDescribingJson object at 0x7c29781ac8c0>]}


============================== 04:28:59.741948 | 58e0b635-fb6a-4dac-8d22-ff20db221794 ==============================
[0m04:28:59.741948 [info ] [MainThread]: Running with dbt=1.10.16
[0m04:28:59.743114 [debug] [MainThread]: running dbt with arguments {'introspect': 'True', 'use_colors': 'True', 'log_path': 'logs', 'version_check': 'True', 'printer_width': '80', 'target_path': 'None', 'write_json': 'True', 'partial_parse': 'True', 'warn_error_options': 'WarnErrorOptionsV2(error=[], warn=[], silence=[])', 'warn_error': 'None', 'log_cache_events': 'False', 'empty': 'None', 'indirect_selection': 'eager', 'invocation_command': 'dbt debug', 'debug': 'False', 'cache_selected_only': 'False', 'use_experimental_parser': 'False', 'log_format': 'default', 'quiet': 'False', 'no_print': 'None', 'send_anonymous_usage_stats': 'True', 'static_parser': 'True', 'fail_fast': 'False', 'profiles_dir': '/home/deadpool/.dbt'}
[0m04:28:59.759458 [info ] [MainThread]: dbt version: 1.10.16
[0m04:28:59.760713 [info ] [MainThread]: python version: 3.12.3
[0m04:28:59.762468 [info ] [MainThread]: python path: /home/deadpool/Documents/dataBricks_DBT_Course/.venv/bin/python3
[0m04:28:59.763656 [info ] [MainThread]: os info: Linux-6.14.0-37-generic-x86_64-with-glibc2.39
[0m04:28:59.779773 [info ] [MainThread]: Error importing adapter: No module named 'dbt.adapters.snowflake'
[0m04:28:59.788273 [info ] [MainThread]: Error importing adapter: No module named 'dbt.adapters.snowflake'
[0m04:28:59.793524 [info ] [MainThread]: Error importing adapter: No module named 'dbt.adapters.snowflake'
[0m04:29:01.445441 [debug] [MainThread]: Spark adapter: Setting pyhive.hive logging to ERROR
[0m04:29:01.446480 [debug] [MainThread]: Spark adapter: Setting thrift.transport logging to ERROR
[0m04:29:01.447352 [debug] [MainThread]: Spark adapter: Setting thrift.protocol logging to ERROR
[0m04:29:02.518880 [info ] [MainThread]: Using profiles dir at /home/deadpool/.dbt
[0m04:29:02.519881 [info ] [MainThread]: Using profiles.yml file at /home/deadpool/.dbt/profiles.yml
[0m04:29:02.520683 [info ] [MainThread]: Using dbt_project.yml file at /home/deadpool/Documents/dataBricks_DBT_Course/dbt_project.yml
[0m04:29:02.521484 [info ] [MainThread]: Configuration:
[0m04:29:02.522204 [info ] [MainThread]:   profiles.yml file [[31mERROR invalid[0m]
[0m04:29:02.522878 [info ] [MainThread]:   dbt_project.yml file [[31mERROR not found[0m]
[0m04:29:02.523575 [info ] [MainThread]: Required dependencies:
[0m04:29:02.524396 [debug] [MainThread]: Executing "git --help"
[0m04:29:02.529986 [debug] [MainThread]: STDOUT: "b"usage: git [-v | --version] [-h | --help] [-C <path>] [-c <name>=<value>]\n           [--exec-path[=<path>]] [--html-path] [--man-path] [--info-path]\n           [-p | --paginate | -P | --no-pager] [--no-replace-objects] [--no-lazy-fetch]\n           [--no-optional-locks] [--no-advice] [--bare] [--git-dir=<path>]\n           [--work-tree=<path>] [--namespace=<name>] [--config-env=<name>=<envvar>]\n           <command> [<args>]\n\nThese are common Git commands used in various situations:\n\nstart a working area (see also: git help tutorial)\n   clone      Clone a repository into a new directory\n   init       Create an empty Git repository or reinitialize an existing one\n\nwork on the current change (see also: git help everyday)\n   add        Add file contents to the index\n   mv         Move or rename a file, a directory, or a symlink\n   restore    Restore working tree files\n   rm         Remove files from the working tree and from the index\n\nexamine the history and state (see also: git help revisions)\n   bisect     Use binary search to find the commit that introduced a bug\n   diff       Show changes between commits, commit and working tree, etc\n   grep       Print lines matching a pattern\n   log        Show commit logs\n   show       Show various types of objects\n   status     Show the working tree status\n\ngrow, mark and tweak your common history\n   backfill   Download missing objects in a partial clone\n   branch     List, create, or delete branches\n   commit     Record changes to the repository\n   merge      Join two or more development histories together\n   rebase     Reapply commits on top of another base tip\n   reset      Reset current HEAD to the specified state\n   switch     Switch branches\n   tag        Create, list, delete or verify tags\n\ncollaborate (see also: git help workflows)\n   fetch      Download objects and refs from another repository\n   pull       Fetch from and integrate with another repository or a local branch\n   push       Update remote refs along with associated objects\n\n'git help -a' and 'git help -g' list available subcommands and some\nconcept guides. See 'git help <command>' or 'git help <concept>'\nto read about a specific subcommand or concept.\nSee 'git help git' for an overview of the system.\n""
[0m04:29:02.530949 [debug] [MainThread]: STDERR: "b''"
[0m04:29:02.531626 [info ] [MainThread]:  - git [[32mOK found[0m]

[0m04:29:02.532448 [info ] [MainThread]: Connection test skipped since no profile was found
[0m04:29:02.533436 [info ] [MainThread]: [31m2 checks failed:[0m
[0m04:29:02.534342 [info ] [MainThread]: Could not load dbt_project.yml
Profile loading failed for the following reason:
Runtime Error
  Credentials in profile "dbt_stocks", target "dev" invalid: Runtime Error
    Could not find adapter type snowflake!

Runtime Error
  Credentials in profile "my_dbt_project", target "dev" invalid: Runtime Error
    Could not find adapter type snowflake!

Runtime Error
  Credentials in profile "netflix", target "dev" invalid: Runtime Error
    Could not find adapter type snowflake!


[0m04:29:02.535312 [info ] [MainThread]: Project loading failed for the following reason:
 project path </home/deadpool/Documents/dataBricks_DBT_Course/dbt_project.yml> not found

[0m04:29:02.537297 [debug] [MainThread]: Resource report: {"command_name": "debug", "command_success": false, "command_wall_clock_time": 2.912425, "process_in_blocks": "0", "process_kernel_time": 0.569367, "process_mem_max_rss": "227216", "process_out_blocks": "16", "process_user_time": 6.111478}
[0m04:29:02.538971 [debug] [MainThread]: Command `dbt debug` failed at 04:29:02.538610 after 2.91 seconds
[0m04:29:02.540720 [debug] [MainThread]: Sending event: {'category': 'dbt', 'action': 'invocation', 'label': 'end', 'context': [<snowplow_tracker.self_describing_json.SelfDescribingJson object at 0x7c2976879c70>, <snowplow_tracker.self_describing_json.SelfDescribingJson object at 0x7c294ef3a300>, <snowplow_tracker.self_describing_json.SelfDescribingJson object at 0x7c294f1e89e0>]}
[0m04:29:02.542401 [debug] [MainThread]: Flushing usage events
[0m04:29:03.864066 [debug] [MainThread]: An error was encountered while trying to flush usage events
[0m04:29:22.964228 [debug] [MainThread]: Sending event: {'category': 'dbt', 'action': 'invocation', 'label': 'start', 'context': [<snowplow_tracker.self_describing_json.SelfDescribingJson object at 0x7ae788f0e840>, <snowplow_tracker.self_describing_json.SelfDescribingJson object at 0x7ae789afa240>, <snowplow_tracker.self_describing_json.SelfDescribingJson object at 0x7ae788b1d820>]}


============================== 04:29:22.970348 | 3ae9ac12-bb7b-45a7-b4e4-e88a93f5a4fa ==============================
[0m04:29:22.970348 [info ] [MainThread]: Running with dbt=1.10.16
[0m04:29:22.971513 [debug] [MainThread]: running dbt with arguments {'log_format': 'default', 'target_path': 'None', 'use_experimental_parser': 'False', 'version_check': 'True', 'invocation_command': 'dbt init', 'warn_error_options': 'WarnErrorOptionsV2(error=[], warn=[], silence=[])', 'indirect_selection': 'eager', 'static_parser': 'True', 'write_json': 'True', 'use_colors': 'True', 'printer_width': '80', 'log_path': 'logs', 'introspect': 'True', 'partial_parse': 'True', 'no_print': 'None', 'profiles_dir': '/home/deadpool/.dbt', 'log_cache_events': 'False', 'cache_selected_only': 'False', 'quiet': 'False', 'debug': 'False', 'warn_error': 'None', 'fail_fast': 'False', 'empty': 'None', 'send_anonymous_usage_stats': 'True'}
[0m04:30:18.525956 [debug] [MainThread]: Starter project path: /home/deadpool/Documents/dataBricks_DBT_Course/.venv/lib/python3.12/site-packages/dbt/include/starter_project
[0m04:30:18.540710 [info ] [MainThread]: 
Your new dbt project "nithin_dbt_proj" was created!

For more information on how to configure the profiles.yml file,
please consult the dbt documentation here:

  https://docs.getdbt.com/docs/configure-your-profile

One more thing:

Need help? Don't hesitate to reach out to us via GitHub issues or on Slack:

  https://community.getdbt.com/

Happy modeling!

[0m04:30:18.542480 [info ] [MainThread]: Setting up your profile.
[0m04:30:36.349615 [debug] [MainThread]: Spark adapter: Setting pyhive.hive logging to ERROR
[0m04:30:36.350782 [debug] [MainThread]: Spark adapter: Setting thrift.transport logging to ERROR
[0m04:30:36.351702 [debug] [MainThread]: Spark adapter: Setting thrift.protocol logging to ERROR
[0m04:34:29.715979 [info ] [MainThread]: Profile nithin_dbt_proj written to /home/deadpool/.dbt/profiles.yml using target's profile_template.yml and your supplied values. Run 'dbt debug' to validate the connection.
[0m04:34:29.719280 [debug] [MainThread]: Resource report: {"command_name": "init", "command_success": true, "command_wall_clock_time": 306.86627, "process_in_blocks": "168", "process_kernel_time": 0.608748, "process_mem_max_rss": "226188", "process_out_blocks": "80", "process_user_time": 6.065433}
[0m04:34:29.721872 [debug] [MainThread]: Command `dbt init` succeeded at 04:34:29.721388 after 306.87 seconds
[0m04:34:29.724016 [debug] [MainThread]: Sending event: {'category': 'dbt', 'action': 'invocation', 'label': 'end', 'context': [<snowplow_tracker.self_describing_json.SelfDescribingJson object at 0x7ae78cafbb00>, <snowplow_tracker.self_describing_json.SelfDescribingJson object at 0x7ae7656df050>, <snowplow_tracker.self_describing_json.SelfDescribingJson object at 0x7ae764f21670>]}
[0m04:34:29.726075 [debug] [MainThread]: Flushing usage events
[0m04:34:31.333356 [debug] [MainThread]: An error was encountered while trying to flush usage events
[0m04:34:38.301661 [debug] [MainThread]: Sending event: {'category': 'dbt', 'action': 'invocation', 'label': 'start', 'context': [<snowplow_tracker.self_describing_json.SelfDescribingJson object at 0x7fb66f0aa3c0>, <snowplow_tracker.self_describing_json.SelfDescribingJson object at 0x7fb66ebb17c0>, <snowplow_tracker.self_describing_json.SelfDescribingJson object at 0x7fb66f0ab710>]}


============================== 04:34:38.308329 | 07faf3c5-0e2f-4915-8452-d46176595449 ==============================
[0m04:34:38.308329 [info ] [MainThread]: Running with dbt=1.10.16
[0m04:34:38.309577 [debug] [MainThread]: running dbt with arguments {'use_experimental_parser': 'False', 'no_print': 'None', 'log_cache_events': 'False', 'write_json': 'True', 'log_format': 'default', 'empty': 'None', 'static_parser': 'True', 'debug': 'False', 'use_colors': 'True', 'cache_selected_only': 'False', 'indirect_selection': 'eager', 'target_path': 'None', 'log_path': 'logs', 'send_anonymous_usage_stats': 'True', 'quiet': 'False', 'partial_parse': 'True', 'invocation_command': 'dbt debug', 'warn_error': 'None', 'version_check': 'True', 'fail_fast': 'False', 'profiles_dir': '/home/deadpool/.dbt', 'warn_error_options': 'WarnErrorOptionsV2(error=[], warn=[], silence=[])', 'introspect': 'True', 'printer_width': '80'}
[0m04:34:38.327721 [info ] [MainThread]: dbt version: 1.10.16
[0m04:34:38.329005 [info ] [MainThread]: python version: 3.12.3
[0m04:34:38.330077 [info ] [MainThread]: python path: /home/deadpool/Documents/dataBricks_DBT_Course/.venv/bin/python3
[0m04:34:38.330888 [info ] [MainThread]: os info: Linux-6.14.0-37-generic-x86_64-with-glibc2.39
[0m04:34:38.346601 [info ] [MainThread]: Error importing adapter: No module named 'dbt.adapters.snowflake'
[0m04:34:38.353676 [info ] [MainThread]: Error importing adapter: No module named 'dbt.adapters.snowflake'
[0m04:34:38.358299 [info ] [MainThread]: Error importing adapter: No module named 'dbt.adapters.snowflake'
[0m04:34:40.047586 [debug] [MainThread]: Spark adapter: Setting pyhive.hive logging to ERROR
[0m04:34:40.048616 [debug] [MainThread]: Spark adapter: Setting thrift.transport logging to ERROR
[0m04:34:40.049445 [debug] [MainThread]: Spark adapter: Setting thrift.protocol logging to ERROR
[0m04:34:41.119736 [info ] [MainThread]: Using profiles dir at /home/deadpool/.dbt
[0m04:34:41.120849 [info ] [MainThread]: Using profiles.yml file at /home/deadpool/.dbt/profiles.yml
[0m04:34:41.121737 [info ] [MainThread]: Using dbt_project.yml file at /home/deadpool/Documents/dataBricks_DBT_Course/dbt_project.yml
[0m04:34:41.122608 [info ] [MainThread]: Configuration:
[0m04:34:41.123407 [info ] [MainThread]:   profiles.yml file [[31mERROR invalid[0m]
[0m04:34:41.124257 [info ] [MainThread]:   dbt_project.yml file [[31mERROR not found[0m]
[0m04:34:41.125058 [info ] [MainThread]: Required dependencies:
[0m04:34:41.126043 [debug] [MainThread]: Executing "git --help"
[0m04:34:41.131604 [debug] [MainThread]: STDOUT: "b"usage: git [-v | --version] [-h | --help] [-C <path>] [-c <name>=<value>]\n           [--exec-path[=<path>]] [--html-path] [--man-path] [--info-path]\n           [-p | --paginate | -P | --no-pager] [--no-replace-objects] [--no-lazy-fetch]\n           [--no-optional-locks] [--no-advice] [--bare] [--git-dir=<path>]\n           [--work-tree=<path>] [--namespace=<name>] [--config-env=<name>=<envvar>]\n           <command> [<args>]\n\nThese are common Git commands used in various situations:\n\nstart a working area (see also: git help tutorial)\n   clone      Clone a repository into a new directory\n   init       Create an empty Git repository or reinitialize an existing one\n\nwork on the current change (see also: git help everyday)\n   add        Add file contents to the index\n   mv         Move or rename a file, a directory, or a symlink\n   restore    Restore working tree files\n   rm         Remove files from the working tree and from the index\n\nexamine the history and state (see also: git help revisions)\n   bisect     Use binary search to find the commit that introduced a bug\n   diff       Show changes between commits, commit and working tree, etc\n   grep       Print lines matching a pattern\n   log        Show commit logs\n   show       Show various types of objects\n   status     Show the working tree status\n\ngrow, mark and tweak your common history\n   backfill   Download missing objects in a partial clone\n   branch     List, create, or delete branches\n   commit     Record changes to the repository\n   merge      Join two or more development histories together\n   rebase     Reapply commits on top of another base tip\n   reset      Reset current HEAD to the specified state\n   switch     Switch branches\n   tag        Create, list, delete or verify tags\n\ncollaborate (see also: git help workflows)\n   fetch      Download objects and refs from another repository\n   pull       Fetch from and integrate with another repository or a local branch\n   push       Update remote refs along with associated objects\n\n'git help -a' and 'git help -g' list available subcommands and some\nconcept guides. See 'git help <command>' or 'git help <concept>'\nto read about a specific subcommand or concept.\nSee 'git help git' for an overview of the system.\n""
[0m04:34:41.132564 [debug] [MainThread]: STDERR: "b''"
[0m04:34:41.133276 [info ] [MainThread]:  - git [[32mOK found[0m]

[0m04:34:41.134125 [info ] [MainThread]: Connection test skipped since no profile was found
[0m04:34:41.135125 [info ] [MainThread]: [31m2 checks failed:[0m
[0m04:34:41.136039 [info ] [MainThread]: Could not load dbt_project.yml
Profile loading failed for the following reason:
Runtime Error
  Credentials in profile "dbt_stocks", target "dev" invalid: Runtime Error
    Could not find adapter type snowflake!

Runtime Error
  Credentials in profile "my_dbt_project", target "dev" invalid: Runtime Error
    Could not find adapter type snowflake!

Runtime Error
  Credentials in profile "netflix", target "dev" invalid: Runtime Error
    Could not find adapter type snowflake!


[0m04:34:41.136982 [info ] [MainThread]: Project loading failed for the following reason:
 project path </home/deadpool/Documents/dataBricks_DBT_Course/dbt_project.yml> not found

[0m04:34:41.138972 [debug] [MainThread]: Resource report: {"command_name": "debug", "command_success": false, "command_wall_clock_time": 2.965347, "process_in_blocks": "0", "process_kernel_time": 0.535879, "process_mem_max_rss": "227044", "process_out_blocks": "16", "process_user_time": 6.25093}
[0m04:34:41.140763 [debug] [MainThread]: Command `dbt debug` failed at 04:34:41.140471 after 2.97 seconds
[0m04:34:41.142469 [debug] [MainThread]: Sending event: {'category': 'dbt', 'action': 'invocation', 'label': 'end', 'context': [<snowplow_tracker.self_describing_json.SelfDescribingJson object at 0x7fb669fef230>, <snowplow_tracker.self_describing_json.SelfDescribingJson object at 0x7fb6533e22d0>, <snowplow_tracker.self_describing_json.SelfDescribingJson object at 0x7fb647726870>]}
[0m04:34:41.143868 [debug] [MainThread]: Flushing usage events
[0m04:34:42.494485 [debug] [MainThread]: An error was encountered while trying to flush usage events
[0m04:36:04.034093 [debug] [MainThread]: Sending event: {'category': 'dbt', 'action': 'invocation', 'label': 'start', 'context': [<snowplow_tracker.self_describing_json.SelfDescribingJson object at 0x710286f0f830>, <snowplow_tracker.self_describing_json.SelfDescribingJson object at 0x7102878028d0>, <snowplow_tracker.self_describing_json.SelfDescribingJson object at 0x710286f9ec30>]}


============================== 04:36:04.041363 | 3edd0b9a-2360-4254-a996-01d0a39759a2 ==============================
[0m04:36:04.041363 [info ] [MainThread]: Running with dbt=1.10.16
[0m04:36:04.042946 [debug] [MainThread]: running dbt with arguments {'empty': 'None', 'warn_error_options': 'WarnErrorOptionsV2(error=[], warn=[], silence=[])', 'use_experimental_parser': 'False', 'cache_selected_only': 'False', 'debug': 'False', 'invocation_command': 'dbt debug', 'warn_error': 'None', 'version_check': 'True', 'introspect': 'True', 'quiet': 'False', 'fail_fast': 'False', 'partial_parse': 'True', 'log_cache_events': 'False', 'send_anonymous_usage_stats': 'True', 'profiles_dir': '/home/deadpool/.dbt', 'log_format': 'default', 'no_print': 'None', 'log_path': 'logs', 'printer_width': '80', 'use_colors': 'True', 'write_json': 'True', 'target_path': 'None', 'static_parser': 'True', 'indirect_selection': 'eager'}
[0m04:36:04.070307 [info ] [MainThread]: dbt version: 1.10.16
[0m04:36:04.071899 [info ] [MainThread]: python version: 3.12.3
[0m04:36:04.072955 [info ] [MainThread]: python path: /home/deadpool/Documents/dataBricks_DBT_Course/.venv/bin/python3
[0m04:36:04.074391 [info ] [MainThread]: os info: Linux-6.14.0-37-generic-x86_64-with-glibc2.39
[0m04:36:05.885070 [debug] [MainThread]: Spark adapter: Setting pyhive.hive logging to ERROR
[0m04:36:05.886137 [debug] [MainThread]: Spark adapter: Setting thrift.transport logging to ERROR
[0m04:36:05.887249 [debug] [MainThread]: Spark adapter: Setting thrift.protocol logging to ERROR
[0m04:36:07.007495 [info ] [MainThread]: Using profiles dir at /home/deadpool/.dbt
[0m04:36:07.008560 [info ] [MainThread]: Using profiles.yml file at /home/deadpool/.dbt/profiles.yml
[0m04:36:07.009485 [info ] [MainThread]: Using dbt_project.yml file at /home/deadpool/Documents/dataBricks_DBT_Course/dbt_project.yml
[0m04:36:07.010339 [info ] [MainThread]: adapter type: databricks
[0m04:36:07.011182 [info ] [MainThread]: adapter version: 1.11.0
[0m04:36:07.011986 [info ] [MainThread]: Configuration:
[0m04:36:07.012758 [info ] [MainThread]:   profiles.yml file [[32mOK found and valid[0m]
[0m04:36:07.013536 [info ] [MainThread]:   dbt_project.yml file [[31mERROR not found[0m]
[0m04:36:07.014587 [info ] [MainThread]: Required dependencies:
[0m04:36:07.015816 [debug] [MainThread]: Executing "git --help"
[0m04:36:07.021424 [debug] [MainThread]: STDOUT: "b"usage: git [-v | --version] [-h | --help] [-C <path>] [-c <name>=<value>]\n           [--exec-path[=<path>]] [--html-path] [--man-path] [--info-path]\n           [-p | --paginate | -P | --no-pager] [--no-replace-objects] [--no-lazy-fetch]\n           [--no-optional-locks] [--no-advice] [--bare] [--git-dir=<path>]\n           [--work-tree=<path>] [--namespace=<name>] [--config-env=<name>=<envvar>]\n           <command> [<args>]\n\nThese are common Git commands used in various situations:\n\nstart a working area (see also: git help tutorial)\n   clone      Clone a repository into a new directory\n   init       Create an empty Git repository or reinitialize an existing one\n\nwork on the current change (see also: git help everyday)\n   add        Add file contents to the index\n   mv         Move or rename a file, a directory, or a symlink\n   restore    Restore working tree files\n   rm         Remove files from the working tree and from the index\n\nexamine the history and state (see also: git help revisions)\n   bisect     Use binary search to find the commit that introduced a bug\n   diff       Show changes between commits, commit and working tree, etc\n   grep       Print lines matching a pattern\n   log        Show commit logs\n   show       Show various types of objects\n   status     Show the working tree status\n\ngrow, mark and tweak your common history\n   backfill   Download missing objects in a partial clone\n   branch     List, create, or delete branches\n   commit     Record changes to the repository\n   merge      Join two or more development histories together\n   rebase     Reapply commits on top of another base tip\n   reset      Reset current HEAD to the specified state\n   switch     Switch branches\n   tag        Create, list, delete or verify tags\n\ncollaborate (see also: git help workflows)\n   fetch      Download objects and refs from another repository\n   pull       Fetch from and integrate with another repository or a local branch\n   push       Update remote refs along with associated objects\n\n'git help -a' and 'git help -g' list available subcommands and some\nconcept guides. See 'git help <command>' or 'git help <concept>'\nto read about a specific subcommand or concept.\nSee 'git help git' for an overview of the system.\n""
[0m04:36:07.022587 [debug] [MainThread]: STDERR: "b''"
[0m04:36:07.023486 [info ] [MainThread]:  - git [[32mOK found[0m]

[0m04:36:07.024635 [info ] [MainThread]: Connection:
[0m04:36:07.026181 [info ] [MainThread]:   host: dbc-43308d53-5383.cloud.databricks.com
[0m04:36:07.027340 [info ] [MainThread]:   http_path: /sql/1.0/warehouses/039c08982827255a
[0m04:36:07.028123 [info ] [MainThread]:   catalog: dbt_tutorial_dev
[0m04:36:07.028878 [info ] [MainThread]:   schema: default
[0m04:36:07.029892 [info ] [MainThread]: Registered adapter: databricks=1.11.0
[0m04:36:07.343633 [debug] [MainThread]: Databricks adapter: DatabricksDBTConnection(session-id=None, name=debug) - Creating connection
[0m04:36:07.344761 [debug] [MainThread]: Acquiring new databricks connection 'debug'
[0m04:36:07.345843 [debug] [MainThread]: Using databricks connection "debug"
[0m04:36:07.346822 [debug] [MainThread]: On debug: select 1 as id
[0m04:36:07.347747 [debug] [MainThread]: Opening a new connection, currently in state init
[0m04:36:10.765350 [debug] [MainThread]: Databricks adapter: Connection(session-id=01f0db9c-fa1e-13b5-a85a-41c6b1746f03) - Created
[0m04:36:13.038500 [debug] [MainThread]: SQL status: OK in 5.690 seconds
[0m04:36:13.042051 [debug] [MainThread]: Databricks adapter: Cursor(session-id=01f0db9c-fa1e-13b5-a85a-41c6b1746f03, command-id=01f0db9c-fa51-1695-b58d-da68aee2bb5c) - Closing
[0m04:36:13.043999 [debug] [MainThread]: On debug: Close
[0m04:36:13.045257 [debug] [MainThread]: Databricks adapter: Connection(session-id=01f0db9c-fa1e-13b5-a85a-41c6b1746f03) - Closing
[0m04:36:13.352428 [info ] [MainThread]:   Connection test: [[32mOK connection ok[0m]

[0m04:36:13.353687 [info ] [MainThread]: [31m1 check failed:[0m
[0m04:36:13.354808 [info ] [MainThread]: Project loading failed for the following reason:
 project path </home/deadpool/Documents/dataBricks_DBT_Course/dbt_project.yml> not found

[0m04:36:13.357655 [debug] [MainThread]: Resource report: {"command_name": "debug", "command_success": false, "command_wall_clock_time": 9.4561205, "process_in_blocks": "5736", "process_kernel_time": 0.734808, "process_mem_max_rss": "233288", "process_out_blocks": "24", "process_user_time": 6.915373}
[0m04:36:13.359222 [debug] [MainThread]: Command `dbt debug` failed at 04:36:13.358911 after 9.46 seconds
[0m04:36:13.360745 [debug] [MainThread]: Sending event: {'category': 'dbt', 'action': 'invocation', 'label': 'end', 'context': [<snowplow_tracker.self_describing_json.SelfDescribingJson object at 0x71025f2d7800>, <snowplow_tracker.self_describing_json.SelfDescribingJson object at 0x71025f43f980>, <snowplow_tracker.self_describing_json.SelfDescribingJson object at 0x71028721a540>]}
[0m04:36:13.362331 [debug] [MainThread]: Flushing usage events
[0m04:36:14.961180 [debug] [MainThread]: An error was encountered while trying to flush usage events
[0m21:44:05.796580 [debug] [MainThread]: Sending event: {'category': 'dbt', 'action': 'invocation', 'label': 'start', 'context': [<snowplow_tracker.self_describing_json.SelfDescribingJson object at 0x7cde35d3fb60>, <snowplow_tracker.self_describing_json.SelfDescribingJson object at 0x7cde370f9070>, <snowplow_tracker.self_describing_json.SelfDescribingJson object at 0x7cde35542ea0>]}


============================== 21:44:05.803704 | 65fe3131-b853-4181-b001-8d7bc92d2033 ==============================
[0m21:44:05.803704 [info ] [MainThread]: Running with dbt=1.10.16
[0m21:44:05.804891 [debug] [MainThread]: running dbt with arguments {'version_check': 'True', 'write_json': 'True', 'invocation_command': 'dbt debug', 'fail_fast': 'False', 'profiles_dir': '/home/deadpool/.dbt', 'warn_error_options': 'WarnErrorOptionsV2(error=[], warn=[], silence=[])', 'send_anonymous_usage_stats': 'True', 'log_cache_events': 'False', 'use_colors': 'True', 'indirect_selection': 'eager', 'partial_parse': 'True', 'debug': 'False', 'cache_selected_only': 'False', 'target_path': 'None', 'static_parser': 'True', 'no_print': 'None', 'introspect': 'True', 'printer_width': '80', 'log_path': 'logs', 'empty': 'None', 'quiet': 'False', 'warn_error': 'None', 'use_experimental_parser': 'False', 'log_format': 'default'}
[0m21:44:05.823317 [info ] [MainThread]: dbt version: 1.10.16
[0m21:44:05.824430 [info ] [MainThread]: python version: 3.12.3
[0m21:44:05.825382 [info ] [MainThread]: python path: /home/deadpool/Documents/dataBricks_DBT_Course/.venv/bin/python3
[0m21:44:05.826941 [info ] [MainThread]: os info: Linux-6.14.0-37-generic-x86_64-with-glibc2.39
[0m21:44:07.475483 [debug] [MainThread]: Spark adapter: Setting pyhive.hive logging to ERROR
[0m21:44:07.476459 [debug] [MainThread]: Spark adapter: Setting thrift.transport logging to ERROR
[0m21:44:07.477255 [debug] [MainThread]: Spark adapter: Setting thrift.protocol logging to ERROR
[0m21:44:08.503915 [info ] [MainThread]: Using profiles dir at /home/deadpool/.dbt
[0m21:44:08.504934 [info ] [MainThread]: Using profiles.yml file at /home/deadpool/.dbt/profiles.yml
[0m21:44:08.505745 [info ] [MainThread]: Using dbt_project.yml file at /home/deadpool/Documents/dataBricks_DBT_Course/dbt_project.yml
[0m21:44:08.506505 [info ] [MainThread]: adapter type: databricks
[0m21:44:08.507247 [info ] [MainThread]: adapter version: 1.11.0
[0m21:44:08.508060 [info ] [MainThread]: Configuration:
[0m21:44:08.508825 [info ] [MainThread]:   profiles.yml file [[32mOK found and valid[0m]
[0m21:44:08.509526 [info ] [MainThread]:   dbt_project.yml file [[31mERROR not found[0m]
[0m21:44:08.510243 [info ] [MainThread]: Required dependencies:
[0m21:44:08.511112 [debug] [MainThread]: Executing "git --help"
[0m21:44:08.516456 [debug] [MainThread]: STDOUT: "b"usage: git [-v | --version] [-h | --help] [-C <path>] [-c <name>=<value>]\n           [--exec-path[=<path>]] [--html-path] [--man-path] [--info-path]\n           [-p | --paginate | -P | --no-pager] [--no-replace-objects] [--no-lazy-fetch]\n           [--no-optional-locks] [--no-advice] [--bare] [--git-dir=<path>]\n           [--work-tree=<path>] [--namespace=<name>] [--config-env=<name>=<envvar>]\n           <command> [<args>]\n\nThese are common Git commands used in various situations:\n\nstart a working area (see also: git help tutorial)\n   clone      Clone a repository into a new directory\n   init       Create an empty Git repository or reinitialize an existing one\n\nwork on the current change (see also: git help everyday)\n   add        Add file contents to the index\n   mv         Move or rename a file, a directory, or a symlink\n   restore    Restore working tree files\n   rm         Remove files from the working tree and from the index\n\nexamine the history and state (see also: git help revisions)\n   bisect     Use binary search to find the commit that introduced a bug\n   diff       Show changes between commits, commit and working tree, etc\n   grep       Print lines matching a pattern\n   log        Show commit logs\n   show       Show various types of objects\n   status     Show the working tree status\n\ngrow, mark and tweak your common history\n   backfill   Download missing objects in a partial clone\n   branch     List, create, or delete branches\n   commit     Record changes to the repository\n   merge      Join two or more development histories together\n   rebase     Reapply commits on top of another base tip\n   reset      Reset current HEAD to the specified state\n   switch     Switch branches\n   tag        Create, list, delete or verify tags\n\ncollaborate (see also: git help workflows)\n   fetch      Download objects and refs from another repository\n   pull       Fetch from and integrate with another repository or a local branch\n   push       Update remote refs along with associated objects\n\n'git help -a' and 'git help -g' list available subcommands and some\nconcept guides. See 'git help <command>' or 'git help <concept>'\nto read about a specific subcommand or concept.\nSee 'git help git' for an overview of the system.\n""
[0m21:44:08.517461 [debug] [MainThread]: STDERR: "b''"
[0m21:44:08.518271 [info ] [MainThread]:  - git [[32mOK found[0m]

[0m21:44:08.519066 [info ] [MainThread]: Connection:
[0m21:44:08.519892 [info ] [MainThread]:   host: dbc-43308d53-5383.cloud.databricks.com
[0m21:44:08.520666 [info ] [MainThread]:   http_path: /sql/1.0/warehouses/039c08982827255a
[0m21:44:08.521400 [info ] [MainThread]:   catalog: dbt_tutorial_dev
[0m21:44:08.522137 [info ] [MainThread]:   schema: default
[0m21:44:08.523110 [info ] [MainThread]: Registered adapter: databricks=1.11.0
[0m21:44:08.818120 [debug] [MainThread]: Databricks adapter: DatabricksDBTConnection(session-id=None, name=debug) - Creating connection
[0m21:44:08.819050 [debug] [MainThread]: Acquiring new databricks connection 'debug'
[0m21:44:08.819813 [debug] [MainThread]: Using databricks connection "debug"
[0m21:44:08.820561 [debug] [MainThread]: On debug: select 1 as id
[0m21:44:08.821283 [debug] [MainThread]: Opening a new connection, currently in state init
[0m21:44:10.523748 [debug] [MainThread]: Databricks adapter: Connection(session-id=01f0dc2c-960a-1af9-9e39-85e666b5e42d) - Created
[0m21:44:27.426287 [debug] [MainThread]: SQL status: OK in 18.600 seconds
[0m21:44:27.428979 [debug] [MainThread]: Databricks adapter: Cursor(session-id=01f0dc2c-960a-1af9-9e39-85e666b5e42d, command-id=01f0dc2c-9657-10f2-ab2c-552e86343628) - Closing
[0m21:44:27.826416 [debug] [MainThread]: On debug: Close
[0m21:44:27.827766 [debug] [MainThread]: Databricks adapter: Connection(session-id=01f0dc2c-960a-1af9-9e39-85e666b5e42d) - Closing
[0m21:44:28.145596 [info ] [MainThread]:   Connection test: [[32mOK connection ok[0m]

[0m21:44:28.146963 [info ] [MainThread]: [31m1 check failed:[0m
[0m21:44:28.148083 [info ] [MainThread]: Project loading failed for the following reason:
 project path </home/deadpool/Documents/dataBricks_DBT_Course/dbt_project.yml> not found

[0m21:44:28.150141 [debug] [MainThread]: Resource report: {"command_name": "debug", "command_success": false, "command_wall_clock_time": 22.473896, "process_in_blocks": "4256", "process_kernel_time": 0.750184, "process_mem_max_rss": "233324", "process_out_blocks": "24", "process_user_time": 6.987093}
[0m21:44:28.151335 [debug] [MainThread]: Command `dbt debug` failed at 21:44:28.151111 after 22.48 seconds
[0m21:44:28.152351 [debug] [MainThread]: Sending event: {'category': 'dbt', 'action': 'invocation', 'label': 'end', 'context': [<snowplow_tracker.self_describing_json.SelfDescribingJson object at 0x7cde370c2840>, <snowplow_tracker.self_describing_json.SelfDescribingJson object at 0x7cde352d55b0>, <snowplow_tracker.self_describing_json.SelfDescribingJson object at 0x7cde32917920>]}
[0m21:44:28.153659 [debug] [MainThread]: Flushing usage events
[0m21:44:29.669153 [debug] [MainThread]: An error was encountered while trying to flush usage events
[0m05:35:29.409311 [debug] [MainThread]: Sending event: {'category': 'dbt', 'action': 'invocation', 'label': 'start', 'context': [<snowplow_tracker.self_describing_json.SelfDescribingJson object at 0x77ce82443ec0>, <snowplow_tracker.self_describing_json.SelfDescribingJson object at 0x77ce81ea2f60>, <snowplow_tracker.self_describing_json.SelfDescribingJson object at 0x77ce8444eae0>]}


============================== 05:35:29.417174 | dc285e8c-60d8-4b60-9e89-0a3429905417 ==============================
[0m05:35:29.417174 [info ] [MainThread]: Running with dbt=1.10.16
[0m05:35:29.418454 [debug] [MainThread]: running dbt with arguments {'log_path': 'logs', 'cache_selected_only': 'False', 'fail_fast': 'False', 'use_colors': 'True', 'indirect_selection': 'eager', 'write_json': 'True', 'target_path': 'None', 'quiet': 'False', 'warn_error_options': 'WarnErrorOptionsV2(error=[], warn=[], silence=[])', 'send_anonymous_usage_stats': 'True', 'log_cache_events': 'False', 'version_check': 'True', 'printer_width': '80', 'debug': 'False', 'static_parser': 'True', 'invocation_command': 'dbt build --target prod', 'partial_parse': 'True', 'introspect': 'True', 'log_format': 'default', 'profiles_dir': '/home/deadpool/.dbt', 'warn_error': 'None', 'use_experimental_parser': 'False', 'no_print': 'None', 'empty': 'False'}
[0m05:35:29.419589 [error] [MainThread]: Encountered an error:
Runtime Error
  No dbt_project.yml found at expected path /home/deadpool/Documents/dataBricks_DBT_Course/dbt_project.yml
  Verify that each entry within packages.yml (and their transitive dependencies) contains a file named dbt_project.yml
  
[0m05:35:29.421438 [debug] [MainThread]: Resource report: {"command_name": "build", "command_success": false, "command_wall_clock_time": 0.14106458, "process_in_blocks": "3776", "process_kernel_time": 0.358155, "process_mem_max_rss": "99172", "process_out_blocks": "16", "process_user_time": 2.829327}
[0m05:35:29.422494 [debug] [MainThread]: Command `dbt build` failed at 05:35:29.422298 after 0.14 seconds
[0m05:35:29.423333 [debug] [MainThread]: Sending event: {'category': 'dbt', 'action': 'invocation', 'label': 'end', 'context': [<snowplow_tracker.self_describing_json.SelfDescribingJson object at 0x77ce81ea2f60>, <snowplow_tracker.self_describing_json.SelfDescribingJson object at 0x77ce81d6d970>, <snowplow_tracker.self_describing_json.SelfDescribingJson object at 0x77ce826b2c00>]}
[0m05:35:29.424263 [debug] [MainThread]: Flushing usage events
[0m05:35:30.818909 [debug] [MainThread]: An error was encountered while trying to flush usage events
